<?xml version="1.0" encoding="UTF-8" ?>
<testsuite failures="0" time="0.038" errors="0" skipped="0" tests="5" name="Exc.youtube.My_related_videos.AppTest">
  <properties>
[...]
</properties>
  <testcase time="0.005" classname="Exc.youtube.My_related_videos.AppTest" name="testRegexp_url_without_youtube"/>
  <testcase time="0.001" classname="Exc.youtube.My_related_videos.AppTest" name="testRegexp_url_full"/>
  <testcase time="0" classname="Exc.youtube.My_related_videos.AppTest" name="testRegexp_url_without_www"/>
  <testcase time="0" classname="Exc.youtube.My_related_videos.AppTest" name="testRegexp_url_long"/>
  <testcase time="0" classname="Exc.youtube.My_related_videos.AppTest" name="testRegexp_url_without_http"/>
</testsuite>